<?xml version="1.0" encoding="UTF-8"?>
<!-- Generated by org.testng.reporters.JUnitReportReporter -->
<testsuite hostname="WPDev-Laptop-Shariful" failures="0" tests="2" name="wpdev.nx.testcases.NX_DownloadStatNotification" time="63.938" errors="0" timestamp="2020-12-27T15:35:49 BDT" skipped="0">
  <testcase classname="wpdev.nx.testcases.NX_DownloadStatNotification" name="nxCommentsTestCase" time="58.275"/>
  <system-out/>
  <testcase classname="wpdev.nx.testcases.NX_DownloadStatNotification" name="invokeBrowser" time="5.663"/>
  <system-out/>
</testsuite> <!-- wpdev.nx.testcases.NX_DownloadStatNotification -->
