<?xml version="1.0" encoding="UTF-8"?>
<!-- Generated by org.testng.reporters.JUnitReportReporter -->
<testsuite hostname="WPDev-Laptop-Shariful" failures="0" tests="2" name="wpdev.nx.testcases.NX_DonationNotification" time="107.800" errors="0" timestamp="2021-01-06T09:23:18 BDT" skipped="0">
  <testcase classname="wpdev.nx.testcases.NX_DonationNotification" name="nxCommentsTestCase" time="102.023"/>
  <system-out/>
  <testcase classname="wpdev.nx.testcases.NX_DonationNotification" name="invokeBrowser" time="5.777"/>
  <system-out/>
</testsuite> <!-- wpdev.nx.testcases.NX_DonationNotification -->
