<?xml version="1.0" encoding="UTF-8"?>
<!-- Generated by org.testng.reporters.JUnitReportReporter -->
<testsuite hostname="WPDev-Laptop-Shariful" failures="0" tests="2" name="wpdev.nx.testcases.NX_ContactFromNotification" time="19.857" errors="0" timestamp="2020-12-08T11:44:25 BDT" skipped="0">
  <testcase classname="wpdev.nx.testcases.NX_ContactFromNotification" name="nxContactFormTestCase" time="14.181"/>
  <system-out/>
  <testcase classname="wpdev.nx.testcases.NX_ContactFromNotification" name="invokeBrowser" time="5.676"/>
  <system-out/>
</testsuite> <!-- wpdev.nx.testcases.NX_ContactFromNotification -->
