<?xml version="1.0" encoding="UTF-8"?>
<!-- Generated by org.testng.reporters.JUnitReportReporter -->
<testsuite hostname="WPDev-Laptop-Shariful" failures="0" tests="2" name="wpdev.nx.testcases.NX_CommentsNotification" time="150.669" errors="0" timestamp="2020-12-27T15:06:34 BDT" skipped="0">
  <testcase classname="wpdev.nx.testcases.NX_CommentsNotification" name="nxCommentsTestCase" time="144.958"/>
  <system-out/>
  <testcase classname="wpdev.nx.testcases.NX_CommentsNotification" name="invokeBrowser" time="5.711"/>
  <system-out/>
</testsuite> <!-- wpdev.nx.testcases.NX_CommentsNotification -->
