<?xml version="1.0" encoding="UTF-8"?>
<!-- Generated by org.testng.reporters.JUnitReportReporter -->
<testsuite hostname="WPDev-Laptop-Shariful" failures="0" tests="2" name="wpdev.nx.testcases.NX_SalesNotification" time="172.538" errors="0" timestamp="2021-01-03T10:32:35 BDT" skipped="0">
  <testcase classname="wpdev.nx.testcases.NX_SalesNotification" name="nxSalesTestCase" time="166.779"/>
  <system-out/>
  <testcase classname="wpdev.nx.testcases.NX_SalesNotification" name="invokeBrowser" time="5.759"/>
  <system-out/>
</testsuite> <!-- wpdev.nx.testcases.NX_SalesNotification -->
