<?xml version="1.0" encoding="UTF-8"?>
<!-- Generated by org.testng.reporters.JUnitReportReporter -->
<testsuite hostname="WPDev-Laptop-Shariful" failures="0" tests="2" name="wpdev.nx.testcases.NX_NotificationBar" time="108.296" errors="0" timestamp="2020-12-30T16:21:43 BDT" skipped="0">
  <testcase classname="wpdev.nx.testcases.NX_NotificationBar" name="invokeBrowser" time="5.658"/>
  <system-out/>
  <testcase classname="wpdev.nx.testcases.NX_NotificationBar" name="nxBarCountdownTestCase" time="102.638"/>
  <system-out/>
</testsuite> <!-- wpdev.nx.testcases.NX_NotificationBar -->
