<?xml version="1.0" encoding="UTF-8"?>
<!-- Generated by org.testng.reporters.JUnitReportReporter -->
<testsuite hostname="WPDev-Laptop-Shariful" failures="0" tests="2" name="wpdev.nx.testcases.NX_CommentsNotification" time="5.793" errors="0" timestamp="2020-12-09T11:31:01 BDT" skipped="0">
  <testcase classname="wpdev.nx.testcases.NX_CommentsNotification" name="nxCommentsTestCase" time="0.001"/>
  <system-out/>
  <testcase classname="wpdev.nx.testcases.NX_CommentsNotification" name="invokeBrowser" time="5.792"/>
  <system-out/>
</testsuite> <!-- wpdev.nx.testcases.NX_CommentsNotification -->
