<?xml version="1.0" encoding="UTF-8"?>
<!-- Generated by org.testng.reporters.JUnitReportReporter -->
<testsuite hostname="WPDev-Laptop-Shariful" failures="0" tests="2" name="wpdev.nx.testcases.NX_SalesNotification" time="164.164" errors="0" timestamp="2021-01-06T09:56:02 BDT" skipped="0">
  <testcase classname="wpdev.nx.testcases.NX_SalesNotification" name="nxSalesTestCase" time="158.486"/>
  <system-out/>
  <testcase classname="wpdev.nx.testcases.NX_SalesNotification" name="invokeBrowser" time="5.678"/>
  <system-out/>
</testsuite> <!-- wpdev.nx.testcases.NX_SalesNotification -->
