<?xml version="1.0" encoding="UTF-8"?>
<!-- Generated by org.testng.reporters.JUnitReportReporter -->
<testsuite hostname="WPDev-Laptop-Shariful" failures="0" tests="2" name="wpdev.nx.testcases.NX_DonationNotification" time="107.697" errors="0" timestamp="2021-01-03T09:21:15 BDT" skipped="0">
  <testcase classname="wpdev.nx.testcases.NX_DonationNotification" name="invokeBrowser" time="5.736"/>
  <system-out/>
  <testcase classname="wpdev.nx.testcases.NX_DonationNotification" name="nxCommentsTestCase" time="101.961"/>
  <system-out/>
</testsuite> <!-- wpdev.nx.testcases.NX_DonationNotification -->
