<?xml version="1.0" encoding="UTF-8"?>
<!-- Generated by org.testng.reporters.JUnitReportReporter -->
<testsuite hostname="WPDev-Laptop-Shariful" failures="0" tests="2" name="wpdev.nx.testcases.NX_NotificationBar" time="87.794" errors="0" timestamp="2020-10-20T17:17:04 BDT" skipped="0">
  <testcase classname="wpdev.nx.testcases.NX_NotificationBar" name="nxBarCountdownTestCase" time="82.143"/>
  <system-out/>
  <testcase classname="wpdev.nx.testcases.NX_NotificationBar" name="invokeBrowser" time="5.651"/>
  <system-out/>
</testsuite> <!-- wpdev.nx.testcases.NX_NotificationBar -->
