<?xml version="1.0" encoding="UTF-8"?>
<!-- Generated by org.testng.reporters.JUnitReportReporter -->
<testsuite hostname="WPDev-Laptop-Shariful" failures="0" tests="2" name="wpdev.nx.testcases.NX_DownloadStatNotification" time="91.204" errors="0" timestamp="2020-11-30T09:46:11 BDT" skipped="0">
  <testcase classname="wpdev.nx.testcases.NX_DownloadStatNotification" name="nxCommentsTestCase" time="85.441"/>
  <system-out/>
  <testcase classname="wpdev.nx.testcases.NX_DownloadStatNotification" name="invokeBrowser" time="5.763"/>
  <system-out/>
</testsuite> <!-- wpdev.nx.testcases.NX_DownloadStatNotification -->
