<?xml version="1.0" encoding="UTF-8"?>
<!-- Generated by org.testng.reporters.JUnitReportReporter -->
<testsuite hostname="WPDev-Laptop-Shariful" failures="0" tests="2" name="wpdev.nx.testcases.NX_ContactFromNotification" time="103.206" errors="0" timestamp="2021-01-05T09:25:39 BDT" skipped="0">
  <testcase classname="wpdev.nx.testcases.NX_ContactFromNotification" name="nxContactFormTestCase" time="97.544"/>
  <system-out/>
  <testcase classname="wpdev.nx.testcases.NX_ContactFromNotification" name="invokeBrowser" time="5.662"/>
  <system-out/>
</testsuite> <!-- wpdev.nx.testcases.NX_ContactFromNotification -->
