<?xml version="1.0" encoding="UTF-8"?>
<!-- Generated by org.testng.reporters.JUnitReportReporter -->
<testsuite hostname="WPDev-Laptop-Shariful" failures="0" tests="2" name="wpdev.nx.testcases.NX_DonationNotification" time="84.672" errors="0" timestamp="2020-12-07T13:05:07 BDT" skipped="0">
  <testcase classname="wpdev.nx.testcases.NX_DonationNotification" name="nxCommentsTestCase" time="78.996"/>
  <system-out/>
  <testcase classname="wpdev.nx.testcases.NX_DonationNotification" name="invokeBrowser" time="5.676"/>
  <system-out/>
</testsuite> <!-- wpdev.nx.testcases.NX_DonationNotification -->
