<?xml version="1.0" encoding="UTF-8"?>
<!-- Generated by org.testng.reporters.JUnitReportReporter -->
<testsuite hostname="WPDev-Laptop-Shariful" failures="0" tests="2" name="wpdev.nx.testcases.NX_CommentsNotification" time="149.753" errors="0" timestamp="2021-01-05T09:23:50 BDT" skipped="0">
  <testcase classname="wpdev.nx.testcases.NX_CommentsNotification" name="nxCommentsTestCase" time="143.850"/>
  <system-out/>
  <testcase classname="wpdev.nx.testcases.NX_CommentsNotification" name="invokeBrowser" time="5.903"/>
  <system-out/>
</testsuite> <!-- wpdev.nx.testcases.NX_CommentsNotification -->
