<?xml version="1.0" encoding="UTF-8"?>
<!-- Generated by org.testng.reporters.JUnitReportReporter -->
<testsuite hostname="WPDev-Laptop-Shariful" failures="0" tests="2" name="wpdev.nx.testcases.NX_SalesNotification" time="68.684" errors="0" timestamp="2020-10-21T11:20:12 BDT" skipped="0">
  <testcase classname="wpdev.nx.testcases.NX_SalesNotification" name="invokeBrowser" time="5.652"/>
  <system-out/>
  <testcase classname="wpdev.nx.testcases.NX_SalesNotification" name="nxBarCountdownTestCase" time="63.032"/>
  <system-out/>
</testsuite> <!-- wpdev.nx.testcases.NX_SalesNotification -->
