<?xml version="1.0" encoding="UTF-8"?>
<!-- Generated by org.testng.reporters.JUnitReportReporter -->
<testsuite hostname="WPDev-Laptop-Shariful" failures="0" tests="2" name="wpdev.nx.testcases.NX_ReviewsNotification" time="140.696" errors="0" timestamp="2021-01-06T09:53:07 BDT" skipped="0">
  <testcase classname="wpdev.nx.testcases.NX_ReviewsNotification" name="nxCommentsTestCase" time="135.040"/>
  <system-out/>
  <testcase classname="wpdev.nx.testcases.NX_ReviewsNotification" name="invokeBrowser" time="5.656"/>
  <system-out/>
</testsuite> <!-- wpdev.nx.testcases.NX_ReviewsNotification -->
