<?xml version="1.0" encoding="UTF-8"?>
<!-- Generated by org.testng.reporters.JUnitReportReporter -->
<testsuite hostname="WPDev-Laptop-Shariful" failures="0" tests="2" name="wpdev.nx.testcases.NX_DownloadStatNotification" time="116.667" errors="0" timestamp="2021-01-03T09:43:07 BDT" skipped="0">
  <testcase classname="wpdev.nx.testcases.NX_DownloadStatNotification" name="nxCommentsTestCase" time="111.009"/>
  <system-out/>
  <testcase classname="wpdev.nx.testcases.NX_DownloadStatNotification" name="invokeBrowser" time="5.658"/>
  <system-out/>
</testsuite> <!-- wpdev.nx.testcases.NX_DownloadStatNotification -->
