<?xml version="1.0" encoding="UTF-8"?>
<!-- Generated by org.testng.reporters.JUnitReportReporter -->
<testsuite hostname="WPDev-Laptop-Shariful" failures="0" tests="2" name="wpdev.nx.testcases.NX_ELearningNotification" time="144.788" errors="0" timestamp="2020-12-30T15:41:31 BDT" skipped="0">
  <testcase classname="wpdev.nx.testcases.NX_ELearningNotification" name="nxCommentsTestCase" time="139.094"/>
  <system-out/>
  <testcase classname="wpdev.nx.testcases.NX_ELearningNotification" name="invokeBrowser" time="5.694"/>
  <system-out/>
</testsuite> <!-- wpdev.nx.testcases.NX_ELearningNotification -->
