<?xml version="1.0" encoding="UTF-8"?>
<!-- Generated by org.testng.reporters.JUnitReportReporter -->
<testsuite hostname="WPDev-Laptop-Shariful" failures="0" tests="2" name="wpdev.nx.testcases.NX_NotificationBar" time="136.827" errors="0" timestamp="2020-12-27T15:51:32 BDT" skipped="0">
  <testcase classname="wpdev.nx.testcases.NX_NotificationBar" name="nxBarCountdownTestCase" time="131.077"/>
  <system-out/>
  <testcase classname="wpdev.nx.testcases.NX_NotificationBar" name="invokeBrowser" time="5.750"/>
  <system-out/>
</testsuite> <!-- wpdev.nx.testcases.NX_NotificationBar -->
