<?xml version="1.0" encoding="UTF-8"?>
<!-- Generated by org.testng.reporters.JUnitReportReporter -->
<testsuite hostname="WPDev-Laptop-Shariful" failures="0" tests="2" name="wpdev.nx.testcases.NX_DonationNotification" time="85.002" errors="0" timestamp="2020-12-27T15:16:16 BDT" skipped="0">
  <testcase classname="wpdev.nx.testcases.NX_DonationNotification" name="nxCommentsTestCase" time="79.239"/>
  <system-out/>
  <testcase classname="wpdev.nx.testcases.NX_DonationNotification" name="invokeBrowser" time="5.763"/>
  <system-out/>
</testsuite> <!-- wpdev.nx.testcases.NX_DonationNotification -->
