<?xml version="1.0" encoding="UTF-8"?>
<!-- Generated by org.testng.reporters.JUnitReportReporter -->
<testsuite hostname="WPDev-Laptop-Shariful" failures="0" tests="2" name="wpdev.nx.testcases.NX_ReviewsNotification" time="64.179" errors="0" timestamp="2020-10-27T09:38:37 BDT" skipped="0">
  <testcase classname="wpdev.nx.testcases.NX_ReviewsNotification" name="invokeBrowser" time="5.744"/>
  <system-out/>
  <testcase classname="wpdev.nx.testcases.NX_ReviewsNotification" name="nxCommentsTestCase" time="58.435"/>
  <system-out/>
</testsuite> <!-- wpdev.nx.testcases.NX_ReviewsNotification -->
