<?xml version="1.0" encoding="UTF-8"?>
<!-- Generated by org.testng.reporters.JUnitReportReporter -->
<testsuite hostname="WPDev-Laptop-Shariful" failures="0" tests="2" name="wpdev.nx.testcases.NX_CommentsNotification" time="119.865" errors="0" timestamp="2021-01-03T09:15:38 BDT" skipped="0">
  <testcase classname="wpdev.nx.testcases.NX_CommentsNotification" name="nxCommentsTestCase" time="114.174"/>
  <system-out/>
  <testcase classname="wpdev.nx.testcases.NX_CommentsNotification" name="invokeBrowser" time="5.691"/>
  <system-out/>
</testsuite> <!-- wpdev.nx.testcases.NX_CommentsNotification -->
