<?xml version="1.0" encoding="UTF-8"?>
<!-- Generated by org.testng.reporters.JUnitReportReporter -->
<testsuite hostname="WPDev-Laptop-Shariful" failures="0" tests="2" name="wpdev.nx.testcases.NX_ELearningNotification" time="60.290" errors="0" timestamp="2020-12-27T15:46:10 BDT" skipped="0">
  <testcase classname="wpdev.nx.testcases.NX_ELearningNotification" name="nxCommentsTestCase" time="54.628"/>
  <system-out/>
  <testcase classname="wpdev.nx.testcases.NX_ELearningNotification" name="invokeBrowser" time="5.662"/>
  <system-out/>
</testsuite> <!-- wpdev.nx.testcases.NX_ELearningNotification -->
