<?xml version="1.0" encoding="UTF-8"?>
<!-- Generated by org.testng.reporters.JUnitReportReporter -->
<testsuite hostname="WPDev-Laptop-Shariful" failures="0" tests="2" name="wpdev.nx.testcases.NX_ReviewsNotification" time="87.821" errors="0" timestamp="2020-11-29T12:39:13 BDT" skipped="0">
  <testcase classname="wpdev.nx.testcases.NX_ReviewsNotification" name="nxCommentsTestCase" time="82.103"/>
  <system-out/>
  <testcase classname="wpdev.nx.testcases.NX_ReviewsNotification" name="invokeBrowser" time="5.718"/>
  <system-out/>
</testsuite> <!-- wpdev.nx.testcases.NX_ReviewsNotification -->
